<?xml version="1.0" encoding="UTF-8"?>
<!-- Generated by org.testng.reporters.JUnitReportReporter -->
<testsuite name="syndication.web.WebTest" tests="1" time="46.456" ignored="0" failures="0" timestamp="07 Jan 2022 16:59:58 GMT" skipped="0" hostname="abhishek-HP-EliteBook-8470p" errors="0">
  <testcase name="syndicationLoginAsSponsor" time="46.456" classname="syndication.web.WebTest"/>
</testsuite> <!-- syndication.web.WebTest -->
