<?xml version="1.0" encoding="UTF-8"?>
<!-- Generated by org.testng.reporters.JUnitReportReporter -->
<testsuite name="syndication.web.WebTest" tests="1" time="36.756" ignored="0" failures="0" timestamp="17 Feb 2022 00:09:44 GMT" skipped="0" hostname="abhishek-HP-EliteBook-8470p" errors="0">
  <testcase name="synProMassEmailAsSponsor" time="36.756" classname="syndication.web.WebTest"/>
</testsuite> <!-- syndication.web.WebTest -->
